INFO:root:Training with the following classes:
INFO:root:close_program
INFO:root:open_program
INFO:root:wikipedia
INFO:root:Training data preprocessed
INFO:root:Training model.
 Hidden layer 1: 128 nodes
Hidden layer 2: 256 nodes
INFO:root:Model created. Displaying training data...
INFO:root:Training with the following classes:
INFO:root:close_program
INFO:root:open_program
INFO:root:wikipedia
INFO:root:Training data preprocessed
INFO:root:Training model.
 Hidden layer 1: 128 nodes
Hidden layer 2: 256 nodes
INFO:root:Model created. Displaying training data...
INFO:root:Training with the following classes:
INFO:root:close_program
INFO:root:open_program
INFO:root:wikipedia
INFO:root:Training data preprocessed
INFO:root:Training model.
 Hidden layer 1: 128 nodes
Hidden layer 2: 256 nodes
INFO:root:Model created. Displaying training data...
INFO:root:Training with the following classes:
INFO:root:close_program
INFO:root:new_working_dir
INFO:root:open_program
INFO:root:wikipedia
INFO:root:Training data preprocessed
INFO:root:Training model.
 Hidden layer 1: 128 nodes
Hidden layer 2: 256 nodes
INFO:root:Model created. Displaying training data...
INFO:root:Training with the following classes:
INFO:root:close_program
INFO:root:new_working_dir
INFO:root:open_program
INFO:root:wikipedia
INFO:root:Training data preprocessed
INFO:root:Training model.
 Hidden layer 1: 128 nodes
Hidden layer 2: 256 nodes
INFO:root:Model created. Displaying training data...
INFO:root:Training with the following classes:
INFO:root:close_program
INFO:root:new_working_dir
INFO:root:open_program
INFO:root:wikipedia
INFO:root:Training data preprocessed
INFO:root:Training model.
 Hidden layer 1: 128 nodes
Hidden layer 2: 256 nodes
INFO:root:Model created. Displaying training data...
INFO:root:Training with the following classes:
INFO:root:close_program
INFO:root:new_working_dir
INFO:root:open_program
INFO:root:wikipedia
INFO:root:Training data preprocessed
INFO:root:Training model.
 Hidden layer 1: 128 nodes
Hidden layer 2: 256 nodes
INFO:root:Model created. Displaying training data...
INFO:root:Training with the following classes:
INFO:root:close_program
INFO:root:new_working_dir
INFO:root:open_program
INFO:root:wikipedia
INFO:root:Training data preprocessed
INFO:root:Training model.
 Hidden layer 1: 128 nodes
Hidden layer 2: 256 nodes
INFO:root:Model created. Displaying training data...
INFO:root:Training with the following classes:
INFO:root:close_program
INFO:root:new_working_dir
INFO:root:open_program
INFO:root:wikipedia
INFO:root:Training data preprocessed
INFO:root:Training model.
 Hidden layer 1: 128 nodes
Hidden layer 2: 256 nodes
INFO:root:Model created. Displaying training data...
INFO:root:Training with the following classes:
INFO:root:close_program
INFO:root:new_working_dir
INFO:root:open_program
INFO:root:wikipedia
INFO:root:Training data preprocessed
INFO:root:Training model.
 Hidden layer 1: 128 nodes
Hidden layer 2: 256 nodes
INFO:root:Model created. Displaying training data...
INFO:root:Training with the following classes:
INFO:root:close_program
INFO:root:new_working_dir
INFO:root:open_program
INFO:root:wikipedia
INFO:root:Training data preprocessed
INFO:root:Training model.
 Hidden layer 1: 128 nodes
Hidden layer 2: 256 nodes
INFO:root:Model created. Displaying training data...
INFO:root:Training with the following classes:
INFO:root:close_program
INFO:root:new_working_dir
INFO:root:open_program
INFO:root:wikipedia
INFO:root:Training data preprocessed
INFO:root:Training model.
 Hidden layer 1: 128 nodes
Hidden layer 2: 256 nodes
INFO:root:Model created. Displaying training data...
INFO:root:Training with the following classes:
INFO:root:close_program
INFO:root:new_working_dir
INFO:root:open_program
INFO:root:wikipedia
INFO:root:Training data preprocessed
INFO:root:Training model.
 Hidden layer 1: 128 nodes
Hidden layer 2: 256 nodes
INFO:root:Model created. Displaying training data...
INFO:root:Training with the following classes:
INFO:root:close_program
INFO:root:copy
INFO:root:new_working_dir
INFO:root:open_program
INFO:root:wikipedia
INFO:root:Training data preprocessed
INFO:root:Training model.
 Hidden layer 1: 128 nodes
Hidden layer 2: 256 nodes
INFO:root:Model created. Displaying training data...
INFO:root:Training with the following classes:
INFO:root:close_program
INFO:root:copy
INFO:root:new_working_dir
INFO:root:open_program
INFO:root:wikipedia
INFO:root:Training data preprocessed
INFO:root:Training model.
 Hidden layer 1: 128 nodes
Hidden layer 2: 256 nodes
INFO:root:Model created. Displaying training data...
INFO:root:Training with the following classes:
INFO:root:close_program
INFO:root:copy
INFO:root:new_working_dir
INFO:root:open_program
INFO:root:wikipedia
INFO:root:Training data preprocessed
INFO:root:Training model.
 Hidden layer 1: 128 nodes
Hidden layer 2: 256 nodes
INFO:root:Model created. Displaying training data...
INFO:root:Training with the following classes:
INFO:root:close_program
INFO:root:copy
INFO:root:new_working_dir
INFO:root:open_program
INFO:root:wikipedia
INFO:root:Training data preprocessed
INFO:root:Training model.
 Hidden layer 1: 128 nodes
Hidden layer 2: 256 nodes
INFO:root:Model created. Displaying training data...
INFO:root:Training with the following classes:
INFO:root:close_program
INFO:root:copy
INFO:root:new_working_dir
INFO:root:open_program
INFO:root:wikipedia
INFO:root:Training data preprocessed
INFO:root:Training model.
 Hidden layer 1: 128 nodes
Hidden layer 2: 256 nodes
INFO:root:Model created. Displaying training data...
INFO:root:Training with the following classes:
INFO:root:close_program
INFO:root:copy
INFO:root:new_working_dir
INFO:root:open_program
INFO:root:wikipedia
INFO:root:Training data preprocessed
INFO:root:Training model.
 Hidden layer 1: 128 nodes
Hidden layer 2: 256 nodes
INFO:root:Model created. Displaying training data...
INFO:root:Training with the following classes:
INFO:root:close_program
INFO:root:copy
INFO:root:new_working_dir
INFO:root:open_program
INFO:root:wikipedia
INFO:root:Training data preprocessed
INFO:root:Training model.
 Hidden layer 1: 128 nodes
Hidden layer 2: 256 nodes
INFO:root:Model created. Displaying training data...
INFO:root:Training with the following classes:
INFO:root:close_program
INFO:root:copy
INFO:root:new_working_dir
INFO:root:open_program
INFO:root:wikipedia
INFO:root:Training data preprocessed
INFO:root:Training model.
 Hidden layer 1: 128 nodes
Hidden layer 2: 256 nodes
INFO:root:Model created. Displaying training data...
INFO:root:Training with the following classes:
INFO:root:close_program
INFO:root:copy
INFO:root:new_working_dir
INFO:root:open_program
INFO:root:paste
INFO:root:wikipedia
INFO:root:Training data preprocessed
INFO:root:Training model.
 Hidden layer 1: 128 nodes
Hidden layer 2: 256 nodes
INFO:root:Model created. Displaying training data...
INFO:root:Training with the following classes:
INFO:root:close_program
INFO:root:copy
INFO:root:new_working_dir
INFO:root:open_program
INFO:root:paste
INFO:root:wikipedia
INFO:root:Training data preprocessed
INFO:root:Training model.
 Hidden layer 1: 128 nodes
Hidden layer 2: 256 nodes
INFO:root:Model created. Displaying training data...
INFO:root:Training with the following classes:
INFO:root:close_program
INFO:root:copy
INFO:root:new_working_dir
INFO:root:open_program
INFO:root:paste
INFO:root:wikipedia
INFO:root:Training data preprocessed
INFO:root:Training model.
 Hidden layer 1: 128 nodes
Hidden layer 2: 256 nodes
INFO:root:Model created. Displaying training data...
INFO:root:Training with the following classes:
INFO:root:close_program
INFO:root:copy
INFO:root:new_working_dir
INFO:root:open_program
INFO:root:paste
INFO:root:wikipedia
INFO:root:Training data preprocessed
INFO:root:Training model.
 Hidden layer 1: 128 nodes
Hidden layer 2: 256 nodes
INFO:root:Model created. Displaying training data...
INFO:root:Training with the following classes:
INFO:root:close_program
INFO:root:copy
INFO:root:new_working_dir
INFO:root:open_program
INFO:root:paste
INFO:root:wikipedia
INFO:root:Training data preprocessed
INFO:root:Training model.
 Hidden layer 1: 128 nodes
Hidden layer 2: 256 nodes
INFO:root:Model created. Displaying training data...
INFO:root:Training with the following classes:
INFO:root:close_program
INFO:root:copy
INFO:root:new_working_dir
INFO:root:open_program
INFO:root:paste
INFO:root:wikipedia
INFO:root:Training data preprocessed
INFO:root:Training model.
 Hidden layer 1: 128 nodes
Hidden layer 2: 256 nodes
INFO:root:Model created. Displaying training data...
INFO:root:Training with the following classes:
INFO:root:close_program
INFO:root:copy
INFO:root:new_working_dir
INFO:root:open_program
INFO:root:paste
INFO:root:wikipedia
INFO:root:Training data preprocessed
INFO:root:Training model.
 Hidden layer 1: 128 nodes
Hidden layer 2: 256 nodes
INFO:root:Model created. Displaying training data...
INFO:root:Training with the following classes:
INFO:root:close_program
INFO:root:copy
INFO:root:new_working_dir
INFO:root:open_program
INFO:root:paste
INFO:root:wikipedia
INFO:root:Training data preprocessed
INFO:root:Training model.
 Hidden layer 1: 128 nodes
Hidden layer 2: 256 nodes
INFO:root:Model created. Displaying training data...
INFO:root:Training with the following classes:
INFO:root:close_program
INFO:root:copy
INFO:root:new_working_dir
INFO:root:open_program
INFO:root:paste
INFO:root:wikipedia
INFO:root:Training data preprocessed
INFO:root:Training model.
 Hidden layer 1: 128 nodes
Hidden layer 2: 256 nodes
INFO:root:Model created. Displaying training data...
INFO:root:Training with the following classes:
INFO:root:close_program
INFO:root:copy
INFO:root:new_working_dir
INFO:root:open_program
INFO:root:paste
INFO:root:wikipedia
INFO:root:Training data preprocessed
INFO:root:Training model.
 Hidden layer 1: 128 nodes
Hidden layer 2: 256 nodes
INFO:root:Model created. Displaying training data...
INFO:root:Training with the following classes:
INFO:root:close_program
INFO:root:copy
INFO:root:new_working_dir
INFO:root:open_program
INFO:root:paste
INFO:root:wikipedia
INFO:root:Training data preprocessed
INFO:root:Training model.
 Hidden layer 1: 128 nodes
Hidden layer 2: 256 nodes
INFO:root:Model created. Displaying training data...
INFO:root:Training with the following classes:
INFO:root:close_program
INFO:root:copy
INFO:root:new_working_dir
INFO:root:open_program
INFO:root:paste
INFO:root:wikipedia
INFO:root:Training data preprocessed
INFO:root:Training model.
 Hidden layer 1: 128 nodes
Hidden layer 2: 256 nodes
INFO:root:Model created. Displaying training data...
INFO:root:Training with the following classes:
INFO:root:close_program
INFO:root:copy
INFO:root:copy_all
INFO:root:new_working_dir
INFO:root:open_program
INFO:root:paste
INFO:root:wikipedia
INFO:root:Training data preprocessed
INFO:root:Training model.
 Hidden layer 1: 128 nodes
Hidden layer 2: 256 nodes
INFO:root:Model created. Displaying training data...
INFO:root:Training with the following classes:
INFO:root:close_program
INFO:root:copy
INFO:root:copy_all
INFO:root:new_working_dir
INFO:root:open_program
INFO:root:paste
INFO:root:wikipedia
INFO:root:Training data preprocessed
INFO:root:Training model.
 Hidden layer 1: 128 nodes
Hidden layer 2: 256 nodes
INFO:root:Model created. Displaying training data...
INFO:root:Training with the following classes:
INFO:root:close_program
INFO:root:copy
INFO:root:copy_all
INFO:root:new_working_dir
INFO:root:open_program
INFO:root:paste
INFO:root:wikipedia
INFO:root:Training data preprocessed
INFO:root:Training model.
 Hidden layer 1: 128 nodes
Hidden layer 2: 256 nodes
INFO:root:Model created. Displaying training data...
INFO:root:Training with the following classes:
INFO:root:close_program
INFO:root:copy
INFO:root:copy_all
INFO:root:cut
INFO:root:cut_all
INFO:root:new_working_dir
INFO:root:open_program
INFO:root:paste
INFO:root:wikipedia
INFO:root:Training data preprocessed
INFO:root:Training model.
 Hidden layer 1: 128 nodes
Hidden layer 2: 256 nodes
INFO:root:Model created. Displaying training data...
INFO:root:Training with the following classes:
INFO:root:close_program
INFO:root:copy
INFO:root:copy_all
INFO:root:cut
INFO:root:cut_all
INFO:root:new_working_dir
INFO:root:open_program
INFO:root:paste
INFO:root:wikipedia
INFO:root:Training data preprocessed
INFO:root:Training model.
 Hidden layer 1: 128 nodes
Hidden layer 2: 256 nodes
INFO:root:Model created. Displaying training data...
INFO:root:Training with the following classes:
INFO:root:close_program
INFO:root:copy
INFO:root:copy_all
INFO:root:cut
INFO:root:cut_all
INFO:root:new_working_dir
INFO:root:open_program
INFO:root:paste
INFO:root:previous
INFO:root:trash
INFO:root:trash_all
INFO:root:wikipedia
INFO:root:Training data preprocessed
INFO:root:Training model.
 Hidden layer 1: 128 nodes
Hidden layer 2: 256 nodes
INFO:root:Model created. Displaying training data...
INFO:root:Training with the following classes:
INFO:root:close_program
INFO:root:copy
INFO:root:copy_all
INFO:root:cut
INFO:root:cut_all
INFO:root:new_working_dir
INFO:root:open_program
INFO:root:paste
INFO:root:previous
INFO:root:trash
INFO:root:trash_all
INFO:root:wikipedia
INFO:root:Training data preprocessed
INFO:root:Training model.
 Hidden layer 1: 128 nodes
Hidden layer 2: 256 nodes
INFO:root:Model created. Displaying training data...
INFO:root:Training with the following classes:
INFO:root:close_program
INFO:root:copy
INFO:root:copy_all
INFO:root:cut
INFO:root:cut_all
INFO:root:new_working_dir
INFO:root:open_program
INFO:root:paste
INFO:root:previous
INFO:root:trash
INFO:root:trash_all
INFO:root:wikipedia
INFO:root:Training data preprocessed
INFO:root:Training model.
 Hidden layer 1: 128 nodes
Hidden layer 2: 256 nodes
INFO:root:Model created. Displaying training data...
INFO:root:Training with the following classes:
INFO:root:close_program
INFO:root:copy
INFO:root:copy_all
INFO:root:cut
INFO:root:cut_all
INFO:root:new_working_dir
INFO:root:open_program
INFO:root:paste
INFO:root:previous
INFO:root:trash
INFO:root:trash_all
INFO:root:wikipedia
INFO:root:Training data preprocessed
INFO:root:Training model.
 Hidden layer 1: 128 nodes
Hidden layer 2: 256 nodes
INFO:root:Model created. Displaying training data...
INFO:root:Training with the following classes:
INFO:root:close_program
INFO:root:copy
INFO:root:copy_all
INFO:root:cut
INFO:root:cut_all
INFO:root:new_working_dir
INFO:root:open_file
INFO:root:open_program
INFO:root:paste
INFO:root:previous
INFO:root:rename
INFO:root:trash
INFO:root:trash_all
INFO:root:wikipedia
INFO:root:Training data preprocessed
INFO:root:Training model.
 Hidden layer 1: 128 nodes
Hidden layer 2: 256 nodes
INFO:root:Model created. Displaying training data...
INFO:root:Training with the following classes:
INFO:root:close_program
INFO:root:copy
INFO:root:copy_all
INFO:root:cut
INFO:root:cut_all
INFO:root:new_working_dir
INFO:root:open_file
INFO:root:open_program
INFO:root:paste
INFO:root:previous
INFO:root:rename
INFO:root:trash
INFO:root:trash_all
INFO:root:wikipedia
INFO:root:Training data preprocessed
INFO:root:Training model.
 Hidden layer 1: 128 nodes
Hidden layer 2: 256 nodes
INFO:root:Model created. Displaying training data...
INFO:root:Training with the following classes:
INFO:root:close_program
INFO:root:copy
INFO:root:copy_all
INFO:root:cut
INFO:root:cut_all
INFO:root:new_working_dir
INFO:root:open_file
INFO:root:open_program
INFO:root:paste
INFO:root:previous
INFO:root:rename
INFO:root:trash
INFO:root:trash_all
INFO:root:wikipedia
INFO:root:Training data preprocessed
INFO:root:Training model.
 Hidden layer 1: 128 nodes
Hidden layer 2: 256 nodes
INFO:root:Model created. Displaying training data...
INFO:root:Training with the following classes:
INFO:root:close_program
INFO:root:copy
INFO:root:copy_all
INFO:root:cut
INFO:root:cut_all
INFO:root:new_working_dir
INFO:root:open_file
INFO:root:open_program
INFO:root:paste
INFO:root:previous
INFO:root:rename
INFO:root:trash
INFO:root:trash_all
INFO:root:wikipedia
INFO:root:Training data preprocessed
INFO:root:Training model.
 Hidden layer 1: 128 nodes
Hidden layer 2: 256 nodes
INFO:root:Model created. Displaying training data...
INFO:root:Training with the following classes:
INFO:root:close_program
INFO:root:copy
INFO:root:copy_all
INFO:root:cut
INFO:root:cut_all
INFO:root:exit
INFO:root:new_working_dir
INFO:root:open_file
INFO:root:open_program
INFO:root:paste
INFO:root:previous
INFO:root:rename
INFO:root:stop
INFO:root:trash
INFO:root:trash_all
INFO:root:wikipedia
INFO:root:Training data preprocessed
INFO:root:Training model.
 Hidden layer 1: 128 nodes
Hidden layer 2: 256 nodes
INFO:root:Model created. Displaying training data...
INFO:root:Training with the following classes:
INFO:root:close_program
INFO:root:copy
INFO:root:copy_all
INFO:root:cut
INFO:root:cut_all
INFO:root:exit
INFO:root:new_working_dir
INFO:root:open_file
INFO:root:open_program
INFO:root:paste
INFO:root:previous
INFO:root:rename
INFO:root:stop
INFO:root:trash
INFO:root:trash_all
INFO:root:wikipedia
INFO:root:Training data preprocessed
INFO:root:Training model.
 Hidden layer 1: 128 nodes
Hidden layer 2: 256 nodes
INFO:root:Model created. Displaying training data...
INFO:root:Training with the following classes:
INFO:root:close_program
INFO:root:copy
INFO:root:copy_all
INFO:root:cut
INFO:root:cut_all
INFO:root:exit
INFO:root:go_to_parent_dir
INFO:root:new_working_dir
INFO:root:open_file
INFO:root:open_program
INFO:root:paste
INFO:root:previous
INFO:root:rename
INFO:root:stop
INFO:root:trash
INFO:root:trash_all
INFO:root:wikipedia
INFO:root:Training data preprocessed
INFO:root:Training model.
 Hidden layer 1: 128 nodes
Hidden layer 2: 256 nodes
INFO:root:Model created. Displaying training data...
INFO:root:Training with the following classes:
INFO:root:close_program
INFO:root:copy
INFO:root:copy_all
INFO:root:cut
INFO:root:cut_all
INFO:root:exit
INFO:root:go_to_parent_dir
INFO:root:new_working_dir
INFO:root:open_file
INFO:root:open_program
INFO:root:paste
INFO:root:previous
INFO:root:rename
INFO:root:stop
INFO:root:trash
INFO:root:trash_all
INFO:root:wikipedia
INFO:root:Training data preprocessed
INFO:root:Training model.
 Hidden layer 1: 128 nodes
Hidden layer 2: 256 nodes
INFO:root:Model created. Displaying training data...
INFO:root:Training with the following classes:
INFO:root:close_program
INFO:root:copy
INFO:root:copy_all
INFO:root:cut
INFO:root:cut_all
INFO:root:exit
INFO:root:go_to_parent_dir
INFO:root:new_working_dir
INFO:root:open_file
INFO:root:open_program
INFO:root:paste
INFO:root:previous
INFO:root:rename
INFO:root:stop
INFO:root:trash
INFO:root:trash_all
INFO:root:wikipedia
INFO:root:Training data preprocessed
INFO:root:Training model.
 Hidden layer 1: 128 nodes
Hidden layer 2: 256 nodes
INFO:root:Model created. Displaying training data...
INFO:root:Training with the following classes:
INFO:root:close_program
INFO:root:copy
INFO:root:copy_all
INFO:root:cut
INFO:root:cut_all
INFO:root:exit
INFO:root:go_to_parent_dir
INFO:root:new_working_dir
INFO:root:open_file
INFO:root:open_program
INFO:root:paste
INFO:root:previous
INFO:root:rename
INFO:root:stop
INFO:root:trash
INFO:root:trash_all
INFO:root:wikipedia
INFO:root:Training data preprocessed
INFO:root:Training model.
 Hidden layer 1: 128 nodes
Hidden layer 2: 256 nodes
INFO:root:Model created. Displaying training data...
INFO:root:Training with the following classes:
INFO:root:close_program
INFO:root:copy
INFO:root:copy_all
INFO:root:cut
INFO:root:cut_all
INFO:root:go_to_parent_dir
INFO:root:new_working_dir
INFO:root:open_file
INFO:root:open_program
INFO:root:paste
INFO:root:previous
INFO:root:rename
INFO:root:standby
INFO:root:stop
INFO:root:trash
INFO:root:trash_all
INFO:root:wikipedia
INFO:root:Training data preprocessed
INFO:root:Training model.
 Hidden layer 1: 128 nodes
Hidden layer 2: 256 nodes
INFO:root:Model created. Displaying training data...
INFO:root:Training with the following classes:
INFO:root:close_program
INFO:root:copy
INFO:root:copy_all
INFO:root:cut
INFO:root:cut_all
INFO:root:go_to_parent_dir
INFO:root:new_working_dir
INFO:root:open_file
INFO:root:open_program
INFO:root:paste
INFO:root:previous
INFO:root:rename
INFO:root:standby
INFO:root:stop
INFO:root:trash
INFO:root:trash_all
INFO:root:wikipedia
INFO:root:Training data preprocessed
INFO:root:Training model.
 Hidden layer 1: 128 nodes
Hidden layer 2: 256 nodes
INFO:root:Model created. Displaying training data...
INFO:root:Training with the following classes:
INFO:root:close_program
INFO:root:copy
INFO:root:copy_all
INFO:root:cut
INFO:root:cut_all
INFO:root:go_to_parent_dir
INFO:root:new_working_dir
INFO:root:open_file
INFO:root:open_program
INFO:root:paste
INFO:root:previous
INFO:root:rename
INFO:root:standby
INFO:root:stop
INFO:root:trash
INFO:root:trash_all
INFO:root:wikipedia
INFO:root:Training data preprocessed
INFO:root:Training model.
 Hidden layer 1: 128 nodes
Hidden layer 2: 256 nodes
INFO:root:Model created. Displaying training data...
INFO:root:Training with the following classes:
INFO:root:close_program
INFO:root:copy
INFO:root:copy_all
INFO:root:cut
INFO:root:cut_all
INFO:root:go_to_parent_dir
INFO:root:new_working_dir
INFO:root:open_file
INFO:root:open_program
INFO:root:paste
INFO:root:previous
INFO:root:rename
INFO:root:standby
INFO:root:stop
INFO:root:trash
INFO:root:trash_all
INFO:root:wikipedia
INFO:root:Training data preprocessed
INFO:root:Training model.
 Hidden layer 1: 128 nodes
Hidden layer 2: 256 nodes
INFO:root:Model created. Displaying training data...
INFO:root:Training with the following classes:
INFO:root:close_program
INFO:root:copy
INFO:root:copy_all
INFO:root:cut
INFO:root:cut_all
INFO:root:go_to_parent_dir
INFO:root:new_working_dir
INFO:root:open_file
INFO:root:open_program
INFO:root:paste
INFO:root:previous
INFO:root:rename
INFO:root:standby
INFO:root:stop
INFO:root:trash
INFO:root:trash_all
INFO:root:wikipedia
INFO:root:Training data preprocessed
INFO:root:Training model.
 Hidden layer 1: 128 nodes
Hidden layer 2: 256 nodes
INFO:root:Model created. Displaying training data...
INFO:root:Training with the following classes:
INFO:root:close_program
INFO:root:copy
INFO:root:copy_all
INFO:root:cut
INFO:root:cut_all
INFO:root:go_to_parent_dir
INFO:root:new_working_dir
INFO:root:open_file
INFO:root:open_program
INFO:root:paste
INFO:root:previous
INFO:root:rename
INFO:root:standby
INFO:root:stop
INFO:root:trash
INFO:root:trash_all
INFO:root:wikipedia
INFO:root:Training data preprocessed
INFO:root:Training model.
 Hidden layer 1: 128 nodes
Hidden layer 2: 256 nodes
INFO:root:Model created. Displaying training data...
INFO:root:Training with the following classes:
INFO:root:close_program
INFO:root:copy
INFO:root:copy_all
INFO:root:cut
INFO:root:cut_all
INFO:root:go_to_parent_dir
INFO:root:new_working_dir
INFO:root:open_file
INFO:root:open_program
INFO:root:paste
INFO:root:previous
INFO:root:rename
INFO:root:standby
INFO:root:stop
INFO:root:trash
INFO:root:trash_all
INFO:root:wikipedia
INFO:root:Training data preprocessed
INFO:root:Training model.
 Hidden layer 1: 128 nodes
Hidden layer 2: 256 nodes
INFO:root:Model created. Displaying training data...
INFO:root:Training with the following classes:
INFO:root:close_program
INFO:root:copy
INFO:root:copy_all
INFO:root:cut
INFO:root:cut_all
INFO:root:go_to_parent_dir
INFO:root:new_working_dir
INFO:root:open_file
INFO:root:open_program
INFO:root:paste
INFO:root:previous
INFO:root:rename
INFO:root:standby
INFO:root:stop
INFO:root:trash
INFO:root:trash_all
INFO:root:wikipedia
INFO:root:Training data preprocessed
INFO:root:Training model.
 Hidden layer 1: 128 nodes
Hidden layer 2: 256 nodes
INFO:root:Model created. Displaying training data...
INFO:root:Training with the following classes:
INFO:root:close_program
INFO:root:copy
INFO:root:copy_all
INFO:root:cut
INFO:root:cut_all
INFO:root:go_to_parent_dir
INFO:root:new_working_dir
INFO:root:open_file
INFO:root:open_program
INFO:root:paste
INFO:root:previous
INFO:root:rename
INFO:root:standby
INFO:root:stop
INFO:root:trash
INFO:root:trash_all
INFO:root:wikipedia
INFO:root:Training data preprocessed
INFO:root:Training model.
 Hidden layer 1: 128 nodes
Hidden layer 2: 256 nodes
INFO:root:Model created. Displaying training data...
INFO:root:Training with the following classes:
INFO:root:close_program
INFO:root:copy
INFO:root:copy_all
INFO:root:cut
INFO:root:cut_all
INFO:root:go_to_parent_dir
INFO:root:new_working_dir
INFO:root:open_file
INFO:root:open_program
INFO:root:paste
INFO:root:previous
INFO:root:rename
INFO:root:standby
INFO:root:stop
INFO:root:trash
INFO:root:trash_all
INFO:root:wikipedia
INFO:root:Training data preprocessed
INFO:root:Training model.
 Hidden layer 1: 128 nodes
Hidden layer 2: 256 nodes
INFO:root:Model created. Displaying training data...
INFO:root:Training with the following classes:
INFO:root:close_program
INFO:root:copy
INFO:root:copy_all
INFO:root:cut
INFO:root:cut_all
INFO:root:go_to_parent_dir
INFO:root:new_working_dir
INFO:root:open_file
INFO:root:open_program
INFO:root:paste
INFO:root:previous
INFO:root:rename
INFO:root:standby
INFO:root:stop
INFO:root:trash
INFO:root:trash_all
INFO:root:wikipedia
INFO:root:Training data preprocessed
INFO:root:Training model.
 Hidden layer 1: 128 nodes
Hidden layer 2: 256 nodes
INFO:root:Model created. Displaying training data...
INFO:root:Training with the following classes:
INFO:root:close_program
INFO:root:copy
INFO:root:copy_all
INFO:root:cut
INFO:root:cut_all
INFO:root:go_to_parent_dir
INFO:root:new_working_dir
INFO:root:open_file
INFO:root:open_program
INFO:root:paste
INFO:root:previous
INFO:root:rename
INFO:root:standby
INFO:root:stop
INFO:root:trash
INFO:root:trash_all
INFO:root:wikipedia
INFO:root:Training data preprocessed
INFO:root:Training model.
 Hidden layer 1: 128 nodes
Hidden layer 2: 256 nodes
INFO:root:Model created. Displaying training data...
